SF:lib/core/network/network_info.dart
DA:6,1
DA:8,3
LF:2
LH:2
end_of_record
SF:lib/features/games/data/datasources/game_remote_data_source.dart
DA:16,1
DA:23,1
DA:29,3
DA:30,1
DA:36,1
DA:39,1
DA:41,1
DA:42,2
DA:43,1
DA:44,1
DA:45,3
DA:46,1
DA:49,3
DA:51,1
DA:53,0
DA:55,0
LF:16
LH:14
end_of_record
SF:lib/features/games/data/model/game_model.dart
DA:4,3
DA:11,1
DA:20,1
DA:21,1
DA:22,1
DA:23,1
DA:24,1
DA:25,1
DA:26,2
DA:28,1
DA:29,0
DA:31,2
DA:36,1
DA:38,1
DA:39,2
DA:49,1
DA:50,1
DA:51,2
DA:52,2
LF:19
LH:18
end_of_record
SF:lib/features/games/domain/entities/game.dart
DA:4,3
DA:20,1
DA:21,1
DA:22,1
DA:23,1
LF:5
LH:5
end_of_record
SF:lib/features/games/data/datasources/game_local_data_source.dart
DA:16,0
DA:18,0
DA:21,0
DA:22,0
DA:23,0
DA:24,0
DA:25,0
DA:26,0
DA:27,0
DA:33,0
DA:34,0
DA:35,0
DA:36,0
DA:37,0
DA:38,0
DA:44,0
DA:45,0
DA:46,0
DA:47,0
DA:48,0
DA:54,0
DA:58,0
DA:60,0
DA:62,0
DA:63,0
DA:64,0
DA:66,0
DA:67,0
DA:68,0
DA:69,0
DA:70,0
DA:71,0
DA:72,0
DA:73,0
DA:75,0
DA:76,0
DA:78,0
DA:79,0
DA:81,0
DA:82,0
DA:85,0
DA:86,0
DA:87,0
DA:90,0
DA:91,0
DA:92,0
DA:97,0
LF:47
LH:0
end_of_record
SF:lib/features/games/data/datasources/game_local_data_source.g.dart
DA:10,0
DA:11,0
DA:12,0
LF:3
LH:0
end_of_record
SF:lib/features/games/data/repositories/game_repository_impl.dart
DA:11,1
DA:22,1
DA:27,3
DA:29,3
DA:31,3
DA:32,1
DA:34,1
DA:35,0
DA:36,0
DA:40,1
DA:41,0
DA:42,0
DA:45,1
DA:46,1
DA:51,3
DA:53,1
DA:55,1
DA:56,1
LF:18
LH:14
end_of_record
SF:lib/core/database/games_database.g.dart
DA:16,0
DA:22,0
DA:24,0
DA:26,0
DA:28,0
DA:30,0
DA:32,0
DA:34,0
DA:37,0
DA:39,0
DA:40,0
DA:41,0
DA:42,0
DA:43,0
DA:45,0
DA:46,0
DA:48,0
DA:52,0
DA:53,0
DA:54,0
DA:55,0
DA:56,0
DA:58,0
DA:59,0
DA:61,0
DA:62,0
DA:66,0
DA:68,0
DA:69,0
DA:70,0
DA:71,0
DA:72,0
DA:73,0
DA:74,0
DA:77,0
DA:79,0
DA:80,0
DA:81,0
DA:82,0
DA:83,0
DA:84,0
DA:85,0
DA:89,0
DA:95,0
DA:96,0
DA:97,0
DA:98,0
DA:99,0
DA:100,0
DA:102,0
DA:104,0
DA:105,0
DA:106,0
DA:107,0
DA:108,0
DA:109,0
DA:110,0
DA:111,0
DA:114,0
DA:115,0
DA:116,0
DA:119,0
DA:120,0
DA:121,0
DA:122,0
DA:123,0
DA:124,0
DA:133,0
DA:140,0
DA:146,0
DA:147,0
DA:148,0
DA:149,0
DA:156,0
DA:157,0
DA:158,0
DA:159,0
DA:160,0
DA:161,0
DA:165,0
DA:171,0
DA:172,0
DA:173,0
DA:174,0
DA:175,0
DA:176,0
DA:180,0
DA:182,0
DA:183,0
DA:184,0
DA:186,0
DA:187,0
DA:189,0
DA:190,0
DA:192,0
DA:193,0
DA:195,0
DA:196,0
DA:201,0
DA:203,0
DA:204,0
DA:205,0
DA:206,0
DA:207,0
DA:208,0
DA:209,0
DA:210,0
DA:218,0
DA:245,0
DA:247,0
DA:248,0
DA:249,0
DA:250,0
DA:252,0
DA:255,0
DA:256,0
DA:257,0
DA:258,0
DA:260,0
DA:262,0
DA:263,0
DA:264,0
DA:266,0
DA:268,0
DA:269,0
DA:270,0
DA:272,0
DA:273,0
DA:274,0
DA:275,0
DA:276,0
DA:278,0
DA:279,0
DA:280,0
DA:281,0
DA:282,0
DA:284,0
DA:289,0
DA:291,0
DA:293,0
DA:294,0
DA:297,0
DA:299,0
DA:306,0
DA:307,0
DA:309,0
DA:311,0
DA:313,0
DA:316,0
DA:318,0
DA:319,0
DA:320,0
DA:322,0
DA:326,0
DA:327,0
DA:328,0
DA:329,0
DA:333,0
DA:335,0
DA:336,0
DA:337,0
DA:338,0
DA:341,0
DA:343,0
DA:344,0
DA:345,0
DA:346,0
DA:350,0
DA:351,0
DA:352,0
DA:354,0
DA:356,0
DA:357,0
DA:358,0
DA:359,0
DA:360,0
DA:363,0
DA:364,0
DA:365,0
DA:368,0
DA:369,0
DA:370,0
DA:376,0
DA:380,0
DA:383,0
DA:384,0
DA:388,0
DA:389,0
DA:390,0
DA:394,0
DA:395,0
DA:396,0
DA:397,0
DA:401,0
DA:403,0
DA:404,0
DA:405,0
DA:407,0
DA:408,0
DA:413,0
DA:415,0
DA:416,0
DA:417,0
DA:418,0
DA:419,0
DA:427,0
DA:438,0
DA:439,0
DA:440,0
DA:441,0
DA:442,0
DA:444,0
DA:447,0
DA:448,0
DA:449,0
DA:450,0
DA:451,0
DA:453,0
DA:454,0
DA:455,0
DA:457,0
DA:462,0
DA:464,0
DA:466,0
DA:467,0
DA:470,0
DA:472,0
DA:480,0
DA:481,0
DA:484,0
DA:486,0
DA:488,0
DA:491,0
DA:493,0
DA:494,0
DA:495,0
DA:497,0
DA:501,0
DA:502,0
DA:503,0
DA:504,0
DA:508,0
DA:510,0
DA:511,0
DA:512,0
DA:513,0
DA:516,0
DA:518,0
DA:519,0
DA:520,0
DA:521,0
DA:525,0
DA:526,0
DA:527,0
DA:529,0
DA:531,0
DA:532,0
DA:533,0
DA:534,0
DA:535,0
DA:538,0
DA:539,0
DA:540,0
DA:543,0
DA:544,0
DA:545,0
DA:551,0
DA:555,0
DA:558,0
DA:559,0
DA:563,0
DA:564,0
DA:565,0
DA:569,0
DA:570,0
DA:571,0
DA:572,0
DA:576,0
DA:578,0
DA:579,0
DA:580,0
DA:582,0
DA:583,0
DA:588,0
DA:590,0
DA:591,0
DA:592,0
DA:593,0
DA:594,0
DA:602,0
DA:613,0
DA:614,0
DA:615,0
DA:616,0
DA:617,0
DA:619,0
DA:622,0
DA:623,0
DA:624,0
DA:625,0
DA:626,0
DA:628,0
DA:629,0
DA:630,0
DA:632,0
DA:637,0
DA:639,0
DA:641,0
DA:642,0
DA:645,0
DA:647,0
DA:652,0
DA:656,0
DA:657,0
DA:658,0
DA:660,0
LF:316
LH:0
end_of_record
SF:lib/core/database/games_database.dart
DA:14,0
DA:16,0
DA:19,0
DA:20,0
DA:21,0
DA:27,0
DA:29,0
LF:7
LH:0
end_of_record
SF:lib/core/database/tables/game_table.dart
DA:4,0
DA:5,0
DA:6,0
DA:7,0
DA:8,0
LF:5
LH:0
end_of_record
SF:lib/core/database/tables/genre_table.dart
DA:4,0
DA:5,0
LF:2
LH:0
end_of_record
SF:lib/core/database/tables/platform_table.dart
DA:4,0
DA:5,0
LF:2
LH:0
end_of_record
SF:lib/core/error/failure.dart
DA:5,1
DA:7,0
DA:8,0
DA:17,0
DA:18,0
DA:19,0
DA:21,0
DA:23,0
LF:8
LH:1
end_of_record
SF:lib/core/values/texts_game_lovers.dart
DA:2,0
LF:1
LH:0
end_of_record
SF:lib/features/games/domain/usecases/list_games.dart
DA:9,0
DA:15,0
DA:19,0
DA:23,2
DA:30,1
DA:31,1
DA:32,3
LF:7
LH:4
end_of_record
SF:lib/features/home/presentation/bloc/home_page_state.dart
DA:5,2
DA:7,1
DA:8,1
DA:16,2
DA:24,0
LF:5
LH:4
end_of_record
SF:lib/features/home/presentation/bloc/home_page_bloc.dart
DA:13,3
DA:14,2
DA:15,2
DA:17,3
DA:18,1
DA:19,1
DA:20,1
DA:21,1
DA:23,1
DA:24,1
DA:25,0
DA:26,0
DA:29,1
DA:30,1
LF:14
LH:12
end_of_record
SF:lib/features/home/presentation/bloc/home_page_event.dart
DA:5,1
DA:7,0
DA:8,0
DA:12,1
LF:4
LH:2
end_of_record
SF:lib/core/usecases/usecase.dart
DA:10,0
DA:11,0
LF:2
LH:0
end_of_record
